Audible/proguard_logs/seeds.txt
com.softenido.audible.AudibleMain
com.softenido.audible.AudibleMain: AudibleMain()
com.softenido.audible.AudibleMain$Status: com.softenido.audible.AudibleMain$Status[] values()
com.softenido.audible.AudibleMain$Status: com.softenido.audible.AudibleMain$Status valueOf(java.lang.String)
com.softenido.audible.AudiblePreferenceActivity
com.softenido.audible.AudiblePreferenceActivity: AudiblePreferenceActivity()
com.softenido.audible.KeepAudibleLoadService
com.softenido.audible.KeepAudibleLoadService: KeepAudibleLoadService()
com.softenido.audible.R$array: int avaliable_languajes_iso3
com.softenido.audible.R$array: int avaliable_languajes_name
com.softenido.audible.R$array: int detect_unit_name
com.softenido.audible.R$array: int detect_unit_value
com.softenido.audible.R$array: int eng_countries_iso2
com.softenido.audible.R$array: int eng_countries_names
com.softenido.audible.R$array: int font_family
com.softenido.audible.R$array: int fonts_sizes
com.softenido.audible.R$array: int fra_countries_iso2
com.softenido.audible.R$array: int fra_countries_names
com.softenido.audible.R$array: int keep_quick_start
com.softenido.audible.R$array: int keep_quick_start_values
com.softenido.audible.R$array: int por_countries_iso2
com.softenido.audible.R$array: int por_countries_names
com.softenido.audible.R$array: int preferred_gender_codes
com.softenido.audible.R$array: int preferred_gender_names
com.softenido.audible.R$array: int spa_countries_iso2
com.softenido.audible.R$array: int spa_countries_names
com.softenido.audible.R$array: int themes
com.softenido.audible.R$array: int zho_countries_iso2
com.softenido.audible.R$array: int zho_countries_names
com.softenido.audible.R$drawable: int ic_about
com.softenido.audible.R$drawable: int ic_add
com.softenido.audible.R$drawable: int ic_clean
com.softenido.audible.R$drawable: int ic_copy
com.softenido.audible.R$drawable: int ic_download
com.softenido.audible.R$drawable: int ic_folder
com.softenido.audible.R$drawable: int ic_keyboard
com.softenido.audible.R$drawable: int ic_launcher
com.softenido.audible.R$drawable: int ic_notification
com.softenido.audible.R$drawable: int ic_paste
com.softenido.audible.R$drawable: int ic_player_next
com.softenido.audible.R$drawable: int ic_player_pause
com.softenido.audible.R$drawable: int ic_player_play
com.softenido.audible.R$drawable: int ic_player_prev
com.softenido.audible.R$drawable: int ic_player_resume
com.softenido.audible.R$drawable: int ic_player_stop
com.softenido.audible.R$drawable: int ic_queue
com.softenido.audible.R$drawable: int ic_sendto
com.softenido.audible.R$drawable: int ic_settings
com.softenido.audible.R$drawable: int ic_sub
com.softenido.audible.R$drawable: int ic_volume_add
com.softenido.audible.R$drawable: int ic_volume_sub
com.softenido.audible.R$drawable: int install
com.softenido.audible.R$drawable: int letter
com.softenido.audible.R$drawable: int phrase
com.softenido.audible.R$drawable: int theme
...
com.softenido.cafedroid.R$array: int avaliable_languajes_iso3
com.softenido.cafedroid.R$array: int avaliable_languajes_name
com.softenido.cafedroid.R$array: int detect_unit_name
com.softenido.cafedroid.R$array: int detect_unit_value
com.softenido.cafedroid.R$array: int eng_countries_iso2
com.softenido.cafedroid.R$array: int eng_countries_names
com.softenido.cafedroid.R$array: int font_family
com.softenido.cafedroid.R$array: int fonts_sizes
com.softenido.cafedroid.R$array: int fra_countries_iso2
com.softenido.cafedroid.R$array: int fra_countries_names
com.softenido.cafedroid.R$array: int keep_quick_start
com.softenido.cafedroid.R$array: int keep_quick_start_values
com.softenido.cafedroid.R$array: int por_countries_iso2
com.softenido.cafedroid.R$array: int por_countries_names
com.softenido.cafedroid.R$array: int preferred_gender_codes
com.softenido.cafedroid.R$array: int preferred_gender_names
com.softenido.cafedroid.R$array: int spa_countries_iso2
com.softenido.cafedroid.R$array: int spa_countries_names
com.softenido.cafedroid.R$array: int themes
com.softenido.cafedroid.R$array: int zho_countries_iso2
com.softenido.cafedroid.R$array: int zho_countries_names
com.softenido.cafedroid.R$drawable: int ic_about
com.softenido.cafedroid.R$drawable: int ic_add
com.softenido.cafedroid.R$drawable: int ic_clean
com.softenido.cafedroid.R$drawable: int ic_copy
com.softenido.cafedroid.R$drawable: int ic_download
com.softenido.cafedroid.R$drawable: int ic_folder
com.softenido.cafedroid.R$drawable: int ic_keyboard
com.softenido.cafedroid.R$drawable: int ic_launcher
com.softenido.cafedroid.R$drawable: int ic_notification
com.softenido.cafedroid.R$drawable: int ic_paste
com.softenido.cafedroid.R$drawable: int ic_player_next
com.softenido.cafedroid.R$drawable: int ic_player_pause
com.softenido.cafedroid.R$drawable: int ic_player_play
com.softenido.cafedroid.R$drawable: int ic_player_prev
com.softenido.cafedroid.R$drawable: int ic_player_resume
com.softenido.cafedroid.R$drawable: int ic_player_stop
com.softenido.cafedroid.R$drawable: int ic_queue
com.softenido.cafedroid.R$drawable: int ic_sendto
com.softenido.cafedroid.R$drawable: int ic_settings
com.softenido.cafedroid.R$drawable: int ic_sub
com.softenido.cafedroid.R$drawable: int ic_volume_add
com.softenido.cafedroid.R$drawable: int ic_volume_sub
com.softenido.cafedroid.R$drawable: int install
com.softenido.cafedroid.R$drawable: int letter
com.softenido.cafedroid.R$drawable: int phrase
com.softenido.cafedroid.R$drawable: int theme
com.softenido.cafedroid.R$id: int AboutAppDescription
com.softenido.cafedroid.R$id: int AboutAppLabel
com.softenido.cafedroid.R$id: int AboutAppVersionName
com.softenido.cafedroid.R$id: int AboutCopyRight
com.softenido.cafedroid.R$id: int AboutWebUrl1
com.softenido.cafedroid.R$id: int AboutWebUrl2
com.softenido.cafedroid.R$id: int AboutWebUrl3
com.softenido.cafedroid.R$id: int aboutLayout
com.softenido.cafedroid.R$id: int about_locale
com.softenido.cafedroid.R$id: int admob_listactivity_linearlayout
com.softenido.cafedroid.R$id: int bAboutAccept
com.softenido.cafedroid.R$id: int bAboutFeedback
com.softenido.cafedroid.R$id: int body_edit
com.softenido.cafedroid.R$id: int engine_install
com.softenido.cafedroid.R$id: int extra_copy
com.softenido.cafedroid.R$id: int extra_erase
com.softenido.cafedroid.R$id: int extra_file
com.softenido.cafedroid.R$id: int extra_keyboard
com.softenido.cafedroid.R$id: int extra_paste
com.softenido.cafedroid.R$id: int extra_sendto
com.softenido.cafedroid.R$id: int gauge_progress
com.softenido.cafedroid.R$id: int gauge_progress_bar
com.softenido.cafedroid.R$id: int gauge_progress_text
com.softenido.cafedroid.R$id: int layout_home_extra
com.softenido.cafedroid.R$id: int layout_home_text
com.softenido.cafedroid.R$id: int mainLayout
com.softenido.cafedroid.R$id: int main_toggle_pannel
com.softenido.cafedroid.R$id: int paragraph_id
com.softenido.cafedroid.R$id: int player_next
com.softenido.cafedroid.R$id: int player_pause