Audible/proguard_logs/mapping.txt
com.softenido.audible.AudibleMain -> com.softenido.audible.AudibleMain:
    int FILE_READ_LIMIT -> an
    java.util.logging.Logger logger -> ao
    java.lang.String head -> ap
    java.lang.String body -> aq
    java.util.List bodyParts -> ar
    java.util.List paragraphs -> as
    com.softenido.cafedroid.admob.AdMob admob -> at
    android.widget.TextView title -> a
    android.widget.ListView textList -> b
    android.widget.EditText textEdit -> c
    com.softenido.cafedroid.gauge.DroidGaugeView gaugePlayer -> d
    com.softenido.cafedroid.gauge.DroidGaugeView gaugeClassifier -> e
    android.widget.LinearLayout volumePannel -> f
    android.widget.SeekBar volumeBar -> g
    android.widget.TextView volumeText -> h
    android.widget.Button volumeAdd -> i
    android.widget.Button volumeSub -> j
    android.view.View layoutHomeExtra -> k
    android.widget.ImageButton extraCopy -> l
    android.widget.ImageButton extraPaste -> m
    android.widget.ImageButton extraErase -> n
    android.widget.ImageButton extraKeyboard -> o
    android.widget.ImageButton extraFile -> p
    android.widget.ImageButton extraSendto -> q
    android.widget.ToggleButton toggleExtra -> r
    android.widget.ToggleButton toggleVolume -> s
    android.widget.ToggleButton toggleLang -> t
    android.widget.ToggleButton togglePhrase -> u
    android.widget.ToggleButton toggleAuto -> v
    android.widget.ImageButton setup -> w
    android.widget.ImageButton prev -> x
com.softenido.audible.AudibleMain$1 -> com.softenido.audible.a:
    com.softenido.audible.AudibleMain this$0 -> a
    android.view.View getView(int,android.view.View,android.view.ViewGroup) -> getView
com.softenido.audible.AudibleMain$10 -> com.softenido.audible.b:
    com.softenido.audible.AudibleMain this$0 -> a
    void onClick(android.view.View) -> onClick
com.softenido.audible.AudibleMain$11 -> com.softenido.audible.c:
    com.softenido.audible.AudibleMain this$0 -> a
    void onClick(android.view.View) -> onClick
com.softenido.audible.AudibleMain$12 -> com.softenido.audible.d:
    int val$index -> a
    com.softenido.audible.AudibleMain this$0 -> b
    void run() -> run
com.softenido.audible.AudibleMain$13 -> com.softenido.audible.e:
    com.softenido.audible.AudibleMain this$0 -> a
    void run() -> run
com.softenido.audible.AudibleMain$14 -> com.softenido.audible.f:
    com.softenido.audible.AudibleMain this$0 -> a
    void run() -> run
com.softenido.audible.AudibleMain$15 -> com.softenido.audible.g:
    com.softenido.audible.AudibleMain this$0 -> a
    void onClick(android.view.View) -> onClick
com.softenido.audible.AudibleMain$16 -> com.softenido.audible.h:
    com.softenido.audible.AudibleMain this$0 -> a
    void onProgressChanged(android.widget.SeekBar,int,boolean) -> onProgressChanged
    void onStartTrackingTouch(android.widget.SeekBar) -> onStartTrackingTouch
    void onStopTrackingTouch(android.widget.SeekBar) -> onStopTrackingTouch
com.softenido.audible.AudibleMain$17 -> com.softenido.audible.i:
    com.softenido.audible.AudibleMain this$0 -> a
    void onClick(android.view.View) -> onClick
com.softenido.audible.AudibleMain$18 -> com.softenido.audible.j:
    com.softenido.audible.AudibleMain this$0 -> a
    void onClick(android.view.View) -> onClick
com.softenido.audible.AudibleMain$19 -> com.softenido.audible.k:
    com.softenido.audible.AudibleMain this$0 -> a
    void onClick(android.view.View) -> onClick
com.softenido.audible.AudibleMain$2 -> com.softenido.audible.l:
    com.softenido.audible.AudibleMain this$0 -> a
    void onSpeekerInstallNeeded() -> a
    void onSpeekerInitied(boolean) -> a
com.softenido.audible.AudibleMain$20 -> com.softenido.audible.m:
    com.softenido.audible.AudibleMain this$0 -> a
    void onClick(android.view.View) -> onClick
com.softenido.audible.AudibleMain$21 -> com.softenido.audible.n:
    com.softenido.audible.AudibleMain this$0 -> a
    void onClick(android.view.View) -> onClick
...
com.softenido.cafedroid.speech.SpeechPlayer$OnStatusChangedListener -> com.softenido.cafedroid.e.h:
    void onStatusPlay() -> a
    void onStatusPlaying(int,int,java.util.Locale,java.lang.String) -> a
    void onStatusStop() -> b
    void onStatusPause() -> c
com.softenido.cafedroid.speech.SpeechPlayer$Status -> com.softenido.cafedroid.e.i:
    com.softenido.cafedroid.speech.SpeechPlayer$Status INIT -> a
    com.softenido.cafedroid.speech.SpeechPlayer$Status STOP -> b
    com.softenido.cafedroid.speech.SpeechPlayer$Status PLAY -> c
    com.softenido.cafedroid.speech.SpeechPlayer$Status PAUSE -> d
    com.softenido.cafedroid.speech.SpeechPlayer$Status PREV_ROW -> e
    com.softenido.cafedroid.speech.SpeechPlayer$Status PREV_COL -> f
    com.softenido.cafedroid.speech.SpeechPlayer$Status NEXT_ROW -> g
    com.softenido.cafedroid.speech.SpeechPlayer$Status NEXT_COL -> h
    com.softenido.cafedroid.speech.SpeechPlayer$Status EXIT -> i
    com.softenido.cafedroid.speech.SpeechPlayer$Status[] $VALUES -> j
    com.softenido.cafedroid.speech.SpeechPlayer$Status[] values() -> values
    com.softenido.cafedroid.speech.SpeechPlayer$Status valueOf(java.lang.String) -> valueOf
com.softenido.cafedroid.speech.SpeechSpeaker -> com.softenido.cafedroid.e.j:
    java.lang.String tag -> a
    java.lang.String SILENCE -> b
    android.app.Activity activity -> c
    java.util.Locale locale -> d
    com.softenido.cafedroid.speech.SpeechManager manager -> e
    android.speech.tts.TextToSpeech tts -> f
    boolean InstallNeeded -> g
    boolean success -> h
    java.lang.Object lock -> i
    com.softenido.cafedroid.speech.SpeechSpeaker$Status status -> j
    java.util.List listener -> k
    java.lang.String utteranceLock -> l
    java.util.concurrent.atomic.AtomicInteger count -> m
    java.lang.Object playLock -> n
    android.media.AudioManager audioManager -> o
    boolean start() -> a
    void install() -> b
    void onActivityResult(int,int,android.content.Intent) -> a
    void onInit(int) -> onInit
    int setLanguage(java.util.Locale) -> a
    int isLanguageAvailable(java.util.Locale) -> b
    java.util.Locale[] getAvailableLocales() -> c
    java.util.Locale[] getAvailableLocales(java.util.Locale[]) -> a
    void stop() -> d
    void pause() -> e
    void shutdown() -> f
    java.lang.String speak(java.lang.String,boolean,boolean) -> a
    java.lang.String speak(java.lang.String,boolean,boolean,java.lang.String) -> a
    void onUtteranceCompleted(java.lang.String) -> onUtteranceCompleted
    void registerOnSpeakingListener(com.softenido.cafedroid.speech.SpeechSpeaker$OnSpeakingListener) -> a
com.softenido.cafedroid.speech.SpeechSpeaker$OnSpeakingListener -> com.softenido.cafedroid.e.k:
    void onSpeaking() -> d
com.softenido.cafedroid.speech.SpeechSpeaker$Status -> com.softenido.cafedroid.e.l:
    com.softenido.cafedroid.speech.SpeechSpeaker$Status IDLE -> a
    com.softenido.cafedroid.speech.SpeechSpeaker$Status PLAYING -> b
    com.softenido.cafedroid.speech.SpeechSpeaker$Status PAUSED -> c
    com.softenido.cafedroid.speech.SpeechSpeaker$Status STOPPED -> d
    com.softenido.cafedroid.speech.SpeechSpeaker$Status[] $VALUES -> e
    com.softenido.cafedroid.speech.SpeechSpeaker$Status[] values() -> values
    com.softenido.cafedroid.speech.SpeechSpeaker$Status valueOf(java.lang.String) -> valueOf
com.softenido.cafedroid.util.InvokeIntents -> com.softenido.cafedroid.util.a:
    void getContent(android.app.Activity,java.lang.String,java.lang.String,int,boolean) -> a
    void getContent(android.app.Activity,java.lang.String,int,int,boolean) -> a
    void send(android.app.Activity,java.lang.String,java.lang.String,java.lang.String,java.lang.String) -> a
    void send(android.app.Activity,java.lang.String,int,java.lang.String,java.lang.String) -> a