Audible/proguard_logs/usage.txt
com.softenido.audible.AudibleMain:
    public static final int CODE_PREFERENCES
    public static final int CODE_PICK_TEXT_FILE
    static final boolean parallel
com.softenido.audible.AudiblePreferences:
    private static final java.lang.String READING_LOWERCASE
    private static final java.lang.String READING_IGNORE_TITLE
    private static final java.lang.String READING_IGNORE_TITLE_REPEATED
    private static final java.lang.String READING_IGNORE_PARENTHESES
    private static final java.lang.String READING_IGNORE_SQUAREBRACKETS
    private static final java.lang.String READING_IGNORE_CURLYBRACKETS
    private static final java.lang.String READING_IGNORE_PIPE
    private static final java.lang.String READING_IGNORE_UNDERSCORE
    private static final java.lang.String READING_IGNORE_HYPHENS
    private static final java.lang.String READING_IGNORE_ASTERISK
    private static final java.lang.String AUTO
    private static final java.lang.String AUTO_PLAY
    private static final java.lang.String AUTO_EXIT
    private static final java.lang.String LANG_DEFAULT
    private static final java.lang.String LANG_DETECT
    private static final java.lang.String LANG_UNIT
    public static final java.lang.String AUTO_SCREEN_LOCK
    private static final java.lang.String UI_FONT_TYPEFACE
    private static final java.lang.String UI_FONT_SIZE
    private static final java.lang.String UI_FONT_BOLD
    private static final java.lang.String UI_TOASTS
    private static final java.lang.String UI_PROGRESS
    private static final java.lang.String UI_VOLUME
    private static final java.lang.String EARLY_SAVE
com.softenido.audible.BuildConfig
com.softenido.audible.KeepAudibleLoadService:
    static final int MAX_LANGS
    129:134:private static void disconnect()
com.softenido.audible.R
com.softenido.audible.R$array
com.softenido.audible.R$attr
com.softenido.audible.R$drawable
com.softenido.audible.R$id
com.softenido.audible.R$layout
com.softenido.audible.R$string
com.softenido.audible.R$xml
...
com.softenido.cafecore.statistics.classifier.TextClassifier
com.softenido.cafecore.stego.Cardinality
com.softenido.cafecore.stego.StegoCipher
com.softenido.cafecore.stego.StegoPack
com.softenido.cafecore.stego.StegoPack0
com.softenido.cafecore.stego.StegoTextJustify
com.softenido.cafecore.stego.StgTxt
com.softenido.cafecore.text.CardinalFormat
com.softenido.cafecore.text.CardinalFormat$1
com.softenido.cafecore.text.CardinalFormat$Gender
com.softenido.cafecore.text.ConsoleAppendable
com.softenido.cafecore.text.ConsoleAppendable$Options
com.softenido.cafecore.text.HumanDateFormat
com.softenido.cafecore.text.HumanMillisFormat:
    public static final int DAY
    public static final int HOUR
    public static final int MINUTE
    public static final int SECOND
    60:61:public HumanMillisFormat(int,int,boolean)
    78:78:public int getMaxItems()
    83:83:public int getMinItems()
    133:152:public java.lang.String toString2(long)
com.softenido.cafecore.text.NumberRule
com.softenido.cafecore.text.Paragraphs:
    static final java.lang.String SEP
    static final java.lang.String UFFF
    31:31:public Paragraphs()
    40:40:public static java.lang.String[] split(java.lang.String)
com.softenido.cafecore.text.Phrases:
    static final java.lang.String OPEN
    static final java.lang.String CLOSE
    static final java.lang.String NEXT
    static final java.lang.String QUOTES
    static final java.lang.String QUOTE
    static final java.lang.String TABSPACE
    static final java.lang.String ANYSPACE
    static final java.lang.String ALL
    159:159:public static java.lang.String[] split(java.lang.String)
    282:282:public static int getFailures()
com.softenido.cafecore.text.UnsupportedValueException
com.softenido.cafecore.util.AbstractUnits
com.softenido.cafecore.util.ArrayUtils
com.softenido.cafecore.util.Arrays6
com.softenido.cafecore.util.BigIntegers
com.softenido.cafecore.util.BitSetReader
com.softenido.cafecore.util.BitSetReader$1
com.softenido.cafecore.util.BitSetReader$2
com.softenido.cafecore.util.BitSetWriter
com.softenido.cafecore.util.BitSetWriter$1
com.softenido.cafecore.util.BitSetWriter$2
com.softenido.cafecore.util.BitSets
com.softenido.cafecore.util.ChangedObservable
com.softenido.cafecore.util.CounterSet
com.softenido.cafecore.util.Country
com.softenido.cafecore.util.CountryHolder
com.softenido.cafecore.util.Dates
com.softenido.cafecore.util.Fonts
com.softenido.cafecore.util.GenericObservable
com.softenido.cafecore.util.GenericObserver
com.softenido.cafecore.util.Language
com.softenido.cafecore.util.LanguageHolder
com.softenido.cafecore.util.LanguageHolder$1